Log file open, 05/15/18 22:54:33
LogWindows: Failed to load 'aqProf.dll' (GetLastError=126)
LogWindows: File 'aqProf.dll' does not exist
LogWindows: Failed to load 'VtuneApi.dll' (GetLastError=126)
LogWindows: File 'VtuneApi.dll' does not exist
LogWindows: Failed to load 'VtuneApi32e.dll' (GetLastError=126)
LogWindows: File 'VtuneApi32e.dll' does not exist
LogInit: Display: Running engine for game: cs461_prototype
LogPlatformFile: Not using cached read wrapper
LogInit: Display: RandInit(-1979683618) SRandInit(-1979683618).
LogInit: Read version file with build ID '3944462'
LogInit: Overriding engine version to CL 3944462, compatible CL 3944462
LogInit: Registered custom module enumerator with build ID '3944462'
LogTaskGraph: Started task graph with 5 named threads and 14 total threads with 3 sets of task threads.
LogStats: Stats thread started at 0.174426
LogD3D11RHI: Aftermath initialized
LogICUInternationalization: Display: ICU TimeZone Detection - Raw Offset: -5:00, Platform Override: ''
LogPluginManager: Mounting plugin Paper2D
LogPluginManager: Mounting plugin LiveLink
LogPluginManager: Mounting plugin LightPropagationVolume
LogPluginManager: Mounting plugin CLionSourceCodeAccess
LogPluginManager: Mounting plugin CodeLiteSourceCodeAccess
LogPluginManager: Mounting plugin GitSourceControl
LogPluginManager: Mounting plugin KDevelopSourceCodeAccess
LogPluginManager: Mounting plugin NullSourceCodeAccess
LogPluginManager: Mounting plugin PerforceSourceControl
LogPluginManager: Mounting plugin SubversionSourceControl
LogPluginManager: Mounting plugin UObjectPlugin
LogPluginManager: Mounting plugin VisualStudioCodeSourceCodeAccess
LogPluginManager: Mounting plugin VisualStudioSourceCodeAccess
LogPluginManager: Mounting plugin XCodeSourceCodeAccess
LogPluginManager: Mounting plugin AssetManagerEditor
LogPluginManager: Mounting plugin CryptoKeys
LogPluginManager: Mounting plugin DataValidation
LogPluginManager: Mounting plugin FacialAnimation
LogPluginManager: Mounting plugin GameplayTagsEditor
LogPluginManager: Mounting plugin MobileLauncherProfileWizard
LogPluginManager: Mounting plugin PluginBrowser
LogPluginManager: Mounting plugin SpeedTreeImporter
LogPluginManager: Mounting plugin DatasmithContent
LogPluginManager: Mounting plugin AlembicImporter
LogPluginManager: Mounting plugin CharacterAI
LogPluginManager: Mounting plugin HTML5Networking
LogPluginManager: Mounting plugin AndroidMedia
LogPluginManager: Mounting plugin AvfMedia
LogPluginManager: Mounting plugin ImgMedia
LogPluginManager: Mounting plugin LinearTimecode
LogPluginManager: Mounting plugin MediaCompositing
LogPluginManager: Mounting plugin MediaPlayerEditor
LogPluginManager: Mounting plugin WmfMedia
LogPluginManager: Mounting plugin TcpMessaging
LogPluginManager: Mounting plugin UdpMessaging
LogPluginManager: Mounting plugin ActorSequence
LogPluginManager: Mounting plugin LevelSequenceEditor
LogPluginManager: Mounting plugin MatineeToLevelSequence
LogPluginManager: Mounting plugin NetcodeUnitTest
LogPluginManager: Mounting plugin NUTUnrealEngine4
LogPluginManager: Mounting plugin OnlineSubsystemGooglePlay
LogPluginManager: Mounting plugin OnlineSubsystemIOS
LogPluginManager: Mounting plugin OnlineSubsystem
LogPluginManager: Mounting plugin OnlineSubsystemNull
LogPluginManager: Mounting plugin OnlineSubsystemUtils
LogPluginManager: Mounting plugin AndroidDeviceProfileSelector
LogPluginManager: Mounting plugin AndroidMoviePlayer
LogPluginManager: Mounting plugin AndroidPermission
LogPluginManager: Mounting plugin AppleARKit
LogPluginManager: Mounting plugin AppleMoviePlayer
LogPluginManager: Mounting plugin ArchVisCharacter
LogPluginManager: Mounting plugin AudioCapture
LogPluginManager: Mounting plugin CableComponent
LogPluginManager: Mounting plugin CustomMeshComponent
LogPluginManager: Mounting plugin ExampleDeviceProfileSelector
LogPluginManager: Mounting plugin GoogleCloudMessaging
LogPluginManager: Mounting plugin ImmediatePhysics
LogPluginManager: Mounting plugin IOSDeviceProfileSelector
LogPluginManager: Mounting plugin LinuxDeviceProfileSelector
LogPluginManager: Mounting plugin LocationServicesBPLibrary
LogPluginManager: Mounting plugin MobilePatchingUtils
LogPluginManager: Mounting plugin OculusVR
LogPluginManager: Plugin shader directory ../../../Engine/Plugins/Runtime/Oculus/OculusVR/Shaders found
LogPluginManager: Mapping shader source directory ../../../Engine/Plugins/Runtime/Oculus/OculusVR/Shaders to virtual directory /Plugin/OculusVR
LogPluginManager: Mounting plugin PhysXVehicles
LogPluginManager: Mounting plugin ProceduralMeshComponent
LogPluginManager: Mounting plugin RuntimePhysXCooking
LogPluginManager: Mounting plugin SteamVR
LogPluginManager: Mounting plugin WindowsMoviePlayer
LogStreaming: Display: Took  0.057s to configure plugins.
LogModuleManager: Display: Found up-to-date module file ../../../../../../Users/Matthew/Documents/Unreal Projects/shootergame/Binaries/Win64/UE4Editor-cs461_prototype-4956.dll (API version 3944462).
LogModuleManager: Display: Found up-to-date module file ../../../Engine/Plugins/2D/Paper2D/Binaries/Win64/UE4Editor-Paper2D.dll (API version 3944462).
LogModuleManager: Display: Found up-to-date module file ../../../Engine/Plugins/2D/Paper2D/Binaries/Win64/UE4Editor-Paper2DEditor.dll (API version 3944462).
LogModuleManager: Display: Found up-to-date module file ../../../Engine/Plugins/2D/Paper2D/Binaries/Win64/UE4Editor-PaperSpriteSheetImporter.dll (API version 3944462).
LogModuleManager: Display: Found up-to-date module file ../../../Engine/Plugins/2D/Paper2D/Binaries/Win64/UE4Editor-PaperTiledImporter.dll (API version 3944462).
LogModuleManager: Display: Found up-to-date module file ../../../Engine/Plugins/2D/Paper2D/Binaries/Win64/UE4Editor-SmartSnapping.dll (API version 3944462).
LogModuleManager: Display: Found up-to-date module file ../../../Engine/Plugins/Animation/LiveLink/Binaries/Win64/UE4Editor-LiveLink.dll (API version 3944462).
LogModuleManager: Display: Found up-to-date module file ../../../Engine/Plugins/Animation/LiveLink/Binaries/Win64/UE4Editor-LiveLinkEditor.dll (API version 3944462).
LogModuleManager: Display: Found up-to-date module file ../../../Engine/Plugins/Blendables/LightPropagationVolume/Binaries/Win64/UE4Editor-LightPropagationVolumeRuntime.dll (API version 3944462).
LogModuleManager: Display: Found up-to-date module file ../../../Engine/Plugins/Blendables/LightPropagationVolume/Binaries/Win64/UE4Editor-LightPropagationVolumeEditor.dll (API version 3944462).
LogModuleManager: Display: Found up-to-date module file ../../../Engine/Plugins/Developer/CLionSourceCodeAccess/Binaries/Win64/UE4Editor-CLionSourceCodeAccess.dll (API version 3944462).
LogModuleManager: Display: Found up-to-date module file ../../../Engine/Plugins/Developer/GitSourceControl/Binaries/Win64/UE4Editor-GitSourceControl.dll (API version 3944462).
LogModuleManager: Display: Found up-to-date module file ../../../Engine/Plugins/Developer/PerforceSourceControl/Binaries/Win64/UE4Editor-PerforceSourceControl.dll (API version 3944462).
LogModuleManager: Display: Found up-to-date module file ../../../Engine/Plugins/Developer/SubversionSourceControl/Binaries/Win64/UE4Editor-SubversionSourceControl.dll (API version 3944462).
LogModuleManager: Display: Found up-to-date module file ../../../Engine/Plugins/Developer/UObjectPlugin/Binaries/Win64/UE4Editor-UObjectPlugin.dll (API version 3944462).
LogModuleManager: Display: Found up-to-date module file ../../../Engine/Plugins/Developer/VisualStudioCodeSourceCodeAccess/Binaries/Win64/UE4Editor-VisualStudioCodeSourceCodeAccess.dll (API version 3944462).
LogModuleManager: Display: Found up-to-date module file ../../../Engine/Plugins/Developer/VisualStudioSourceCodeAccess/Binaries/Win64/UE4Editor-VisualStudioSourceCodeAccess.dll (API version 3944462).
LogModuleManager: Display: Found up-to-date module file ../../../Engine/Plugins/Editor/AssetManagerEditor/Binaries/Win64/UE4Editor-AssetManagerEditor.dll (API version 3944462).
LogModuleManager: Display: Found up-to-date module file ../../../Engine/Plugins/Editor/CryptoKeys/Binaries/Win64/UE4Editor-CryptoKeys.dll (API version 3944462).
LogModuleManager: Display: Found up-to-date module file ../../../Engine/Plugins/Editor/CryptoKeys/Binaries/Win64/UE4Editor-CryptoKeysOpenSSL.dll (API version 3944462).
LogModuleManager: Display: Found up-to-date module file ../../../Engine/Plugins/Editor/DataValidation/Binaries/Win64/UE4Editor-DataValidation.dll (API version 3944462).
LogModuleManager: Display: Found up-to-date module file ../../../Engine/Plugins/Editor/FacialAnimation/Binaries/Win64/UE4Editor-FacialAnimation.dll (API version 3944462).
LogModuleManager: Display: Found up-to-date module file ../../../Engine/Plugins/Editor/FacialAnimation/Binaries/Win64/UE4Editor-FacialAnimationEditor.dll (API version 3944462).
LogModuleManager: Display: Found up-to-date module file ../../../Engine/Plugins/Editor/GameplayTagsEditor/Binaries/Win64/UE4Editor-GameplayTagsEditor.dll (API version 3944462).
LogModuleManager: Display: Found up-to-date module file ../../../Engine/Plugins/Editor/MobileLauncherProfileWizard/Binaries/Win64/UE4Editor-MobileLauncherProfileWizard.dll (API version 3944462).
LogModuleManager: Display: Found up-to-date module file ../../../Engine/Plugins/Editor/PluginBrowser/Binaries/Win64/UE4Editor-PluginBrowser.dll (API version 3944462).
LogModuleManager: Display: Found up-to-date module file ../../../Engine/Plugins/Editor/SpeedTreeImporter/Binaries/Win64/UE4Editor-SpeedTreeImporter.dll (API version 3944462).
LogModuleManager: Display: Found up-to-date module file ../../../Engine/Plugins/Enterprise/DatasmithContent/Binaries/Win64/UE4Editor-DatasmithContent.dll (API version 3944462).
LogModuleManager: Display: Found up-to-date module file ../../../Engine/Plugins/Experimental/AlembicImporter/Binaries/Win64/UE4Editor-AlembicImporter.dll (API version 3944462).
LogModuleManager: Display: Found up-to-date module file ../../../Engine/Plugins/Experimental/AlembicImporter/Binaries/Win64/UE4Editor-AlembicLibrary.dll (API version 3944462).
LogModuleManager: Display: Found up-to-date module file ../../../Engine/Plugins/Experimental/CharacterAI/Binaries/Win64/UE4Editor-CharacterAI.dll (API version 3944462).
LogModuleManager: Display: Found up-to-date module file ../../../Engine/Plugins/Experimental/HTML5Networking/Binaries/Win64/UE4Editor-HTML5Networking.dll (API version 3944462).
LogModuleManager: Display: Found up-to-date module file ../../../Engine/Plugins/Media/AndroidMedia/Binaries/Win64/UE4Editor-AndroidMediaEditor.dll (API version 3944462).
LogModuleManager: Display: Found up-to-date module file ../../../Engine/Plugins/Media/AndroidMedia/Binaries/Win64/UE4Editor-AndroidMediaFactory.dll (API version 3944462).
LogModuleManager: Display: Found up-to-date module file ../../../Engine/Plugins/Media/AvfMedia/Binaries/Win64/UE4Editor-AvfMediaEditor.dll (API version 3944462).
LogModuleManager: Display: Found up-to-date module file ../../../Engine/Plugins/Media/AvfMedia/Binaries/Win64/UE4Editor-AvfMediaFactory.dll (API version 3944462).
LogModuleManager: Display: Found up-to-date module file ../../../Engine/Plugins/Media/AvfMedia/Binaries/Win64/UE4Editor-AvfMediaFactory.dll (API version 3944462).
LogModuleManager: Display: Found up-to-date module file ../../../Engine/Plugins/Media/ImgMedia/Binaries/Win64/UE4Editor-ImgMedia.dll (API version 3944462).
LogModuleManager: Display: Found up-to-date module file ../../../Engine/Plugins/Media/ImgMedia/Binaries/Win64/UE4Editor-ImgMediaEditor.dll (API version 3944462).
LogModuleManager: Display: Found up-to-date module file ../../../Engine/Plugins/Media/ImgMedia/Binaries/Win64/UE4Editor-ImgMediaFactory.dll (API version 3944462).
LogModuleManager: Display: Found up-to-date module file ../../../Engine/Plugins/Media/ImgMedia/Binaries/Win64/UE4Editor-ImgMediaFactory.dll (API version 3944462).
LogModuleManager: Display: Found up-to-date module file ../../../Engine/Plugins/Media/ImgMedia/Binaries/Win64/UE4Editor-OpenExrWrapper.dll (API version 3944462).
LogModuleManager: Display: Found up-to-date module file ../../../Engine/Plugins/Media/LinearTimecode/Binaries/Win64/UE4Editor-LinearTimecode.dll (API version 3944462).
LogModuleManager: Display: Found up-to-date module file ../../../Engine/Plugins/Media/MediaCompositing/Binaries/Win64/UE4Editor-MediaCompositing.dll (API version 3944462).
LogModuleManager: Display: Found up-to-date module file ../../../Engine/Plugins/Media/MediaCompositing/Binaries/Win64/UE4Editor-MediaCompositingEditor.dll (API version 3944462).
LogModuleManager: Display: Found up-to-date module file ../../../Engine/Plugins/Media/MediaPlayerEditor/Binaries/Win64/UE4Editor-MediaPlayerEditor.dll (API version 3944462).
LogModuleManager: Display: Found up-to-date module file ../../../Engine/Plugins/Media/WmfMedia/Binaries/Win64/UE4Editor-WmfMedia.dll (API version 3944462).
LogModuleManager: Display: Found up-to-date module file ../../../Engine/Plugins/Media/WmfMedia/Binaries/Win64/UE4Editor-WmfMediaEditor.dll (API version 3944462).
LogModuleManager: Display: Found up-to-date module file ../../../Engine/Plugins/Media/WmfMedia/Binaries/Win64/UE4Editor-WmfMediaFactory.dll (API version 3944462).
LogModuleManager: Display: Found up-to-date module file ../../../Engine/Plugins/Media/WmfMedia/Binaries/Win64/UE4Editor-WmfMediaFactory.dll (API version 3944462).
LogModuleManager: Display: Found up-to-date module file ../../../Engine/Plugins/Messaging/TcpMessaging/Binaries/Win64/UE4Editor-TcpMessaging.dll (API version 3944462).
LogModuleManager: Display: Found up-to-date module file ../../../Engine/Plugins/Messaging/UdpMessaging/Binaries/Win64/UE4Editor-UdpMessaging.dll (API version 3944462).
LogModuleManager: Display: Found up-to-date module file ../../../Engine/Plugins/MovieScene/ActorSequence/Binaries/Win64/UE4Editor-ActorSequence.dll (API version 3944462).
LogModuleManager: Display: Found up-to-date module file ../../../Engine/Plugins/MovieScene/LevelSequenceEditor/Binaries/Win64/UE4Editor-LevelSequenceEditor.dll (API version 3944462).
LogModuleManager: Display: Found up-to-date module file ../../../Engine/Plugins/MovieScene/MatineeToLevelSequence/Binaries/Win64/UE4Editor-MatineeToLevelSequence.dll (API version 3944462).
LogModuleManager: Display: Found up-to-date module file ../../../Engine/Plugins/NetcodeUnitTest/NetcodeUnitTest/Binaries/Win64/UE4Editor-NetcodeUnitTest.dll (API version 3944462).
LogModuleManager: Display: Found up-to-date module file ../../../Engine/Plugins/NetcodeUnitTest/NUTUnrealEngine4/Binaries/Win64/UE4Editor-NUTUnrealEngine4.dll (API version 3944462).
LogModuleManager: Display: Found up-to-date module file ../../../Engine/Plugins/Online/OnlineSubsystem/Binaries/Win64/UE4Editor-OnlineSubsystem.dll (API version 3944462).
LogModuleManager: Display: Found up-to-date module file ../../../Engine/Plugins/Online/OnlineSubsystemNull/Binaries/Win64/UE4Editor-OnlineSubsystemNull.dll (API version 3944462).
LogModuleManager: Display: Found up-to-date module file ../../../Engine/Plugins/Online/OnlineSubsystemUtils/Binaries/Win64/UE4Editor-OnlineSubsystemUtils.dll (API version 3944462).
LogModuleManager: Display: Found up-to-date module file ../../../Engine/Plugins/Online/OnlineSubsystemUtils/Binaries/Win64/UE4Editor-OnlineBlueprintSupport.dll (API version 3944462).
LogModuleManager: Display: Found up-to-date module file ../../../Engine/Plugins/Runtime/AndroidDeviceProfileSelector/Binaries/Win64/UE4Editor-AndroidDeviceProfileSelector.dll (API version 3944462).
LogModuleManager: Display: Found up-to-date module file ../../../Engine/Plugins/Runtime/AndroidPermission/Binaries/Win64/UE4Editor-AndroidPermission.dll (API version 3944462).
LogModuleManager: Display: Found up-to-date module file ../../../Engine/Plugins/Runtime/AppleARKit/Binaries/Win64/UE4Editor-AppleARKit.dll (API version 3944462).
LogModuleManager: Display: Found up-to-date module file ../../../Engine/Plugins/Runtime/ArchVisCharacter/Binaries/Win64/UE4Editor-ArchVisCharacter.dll (API version 3944462).
LogModuleManager: Display: Found up-to-date module file ../../../Engine/Plugins/Runtime/AudioCapture/Binaries/Win64/UE4Editor-AudioCapture.dll (API version 3944462).
LogModuleManager: Display: Found up-to-date module file ../../../Engine/Plugins/Runtime/AudioCapture/Binaries/Win64/UE4Editor-AudioCaptureEditor.dll (API version 3944462).
LogModuleManager: Display: Found up-to-date module file ../../../Engine/Plugins/Runtime/CableComponent/Binaries/Win64/UE4Editor-CableComponent.dll (API version 3944462).
LogModuleManager: Display: Found up-to-date module file ../../../Engine/Plugins/Runtime/CustomMeshComponent/Binaries/Win64/UE4Editor-CustomMeshComponent.dll (API version 3944462).
LogModuleManager: Display: Found up-to-date module file ../../../Engine/Plugins/Runtime/ExampleDeviceProfileSelector/Binaries/Win64/UE4Editor-ExampleDeviceProfileSelector.dll (API version 3944462).
LogModuleManager: Display: Found up-to-date module file ../../../Engine/Plugins/Runtime/ImmediatePhysics/Binaries/Win64/UE4Editor-ImmediatePhysics.dll (API version 3944462).
LogModuleManager: Display: Found up-to-date module file ../../../Engine/Plugins/Runtime/ImmediatePhysics/Binaries/Win64/UE4Editor-ImmediatePhysicsEditor.dll (API version 3944462).
LogModuleManager: Display: Found up-to-date module file ../../../Engine/Plugins/Runtime/LocationServicesBPLibrary/Binaries/Win64/UE4Editor-LocationServicesBPLibrary.dll (API version 3944462).
LogModuleManager: Display: Found up-to-date module file ../../../Engine/Plugins/Runtime/MobilePatchingUtils/Binaries/Win64/UE4Editor-MobilePatchingUtils.dll (API version 3944462).
LogModuleManager: Display: Found up-to-date module file ../../../Engine/Plugins/Runtime/Oculus/OculusVR/Binaries/Win64/UE4Editor-OculusHMD.dll (API version 3944462).
LogModuleManager: Display: Found up-to-date module file ../../../Engine/Plugins/Runtime/Oculus/OculusVR/Binaries/Win64/UE4Editor-OculusInput.dll (API version 3944462).
LogModuleManager: Display: Found up-to-date module file ../../../Engine/Plugins/Runtime/Oculus/OculusVR/Binaries/Win64/UE4Editor-OculusEditor.dll (API version 3944462).
LogModuleManager: Display: Found up-to-date module file ../../../Engine/Plugins/Runtime/PhysXVehicles/Binaries/Win64/UE4Editor-PhysXVehicles.dll (API version 3944462).
LogModuleManager: Display: Found up-to-date module file ../../../Engine/Plugins/Runtime/PhysXVehicles/Binaries/Win64/UE4Editor-PhysXVehiclesEditor.dll (API version 3944462).
LogModuleManager: Display: Found up-to-date module file ../../../Engine/Plugins/Runtime/ProceduralMeshComponent/Binaries/Win64/UE4Editor-ProceduralMeshComponent.dll (API version 3944462).
LogModuleManager: Display: Found up-to-date module file ../../../Engine/Plugins/Runtime/ProceduralMeshComponent/Binaries/Win64/UE4Editor-ProceduralMeshComponentEditor.dll (API version 3944462).
LogModuleManager: Display: Found up-to-date module file ../../../Engine/Plugins/Runtime/RuntimePhysXCooking/Binaries/Win64/UE4Editor-RuntimePhysXCooking.dll (API version 3944462).
LogModuleManager: Display: Found up-to-date module file ../../../Engine/Plugins/Runtime/Steam/SteamVR/Binaries/Win64/UE4Editor-SteamVR.dll (API version 3944462).
LogModuleManager: Display: Found up-to-date module file ../../../Engine/Plugins/Runtime/Steam/SteamVR/Binaries/Win64/UE4Editor-SteamVRController.dll (API version 3944462).
LogModuleManager: Display: Found up-to-date module file ../../../Engine/Plugins/Runtime/WindowsMoviePlayer/Binaries/Win64/UE4Editor-WindowsMoviePlayer.dll (API version 3944462).
LogInit: Using libcurl 7.47.1
LogInit:  - built for x86_64-pc-win32
LogInit:  - supports SSL with OpenSSL/1.0.2g
LogInit:  - supports HTTP deflate (compression) using libz 1.2.8
LogInit:  - other features:
LogInit:      CURL_VERSION_SSL
LogInit:      CURL_VERSION_LIBZ
LogInit:      CURL_VERSION_IPV6
LogInit:      CURL_VERSION_ASYNCHDNS
LogInit:      CURL_VERSION_LARGEFILE
LogInit:      CURL_VERSION_IDN
LogInit:  CurlRequestOptions (configurable via config and command line):
LogInit:  - bVerifyPeer = false  - Libcurl will NOT verify peer certificate
LogInit:  - bUseHttpProxy = false  - Libcurl will NOT use HTTP proxy
LogInit:  - bDontReuseConnections = false  - Libcurl will reuse connections
LogInit:  - CertBundlePath = nullptr  - Libcurl will use whatever was configured at build time.
LogInit:  - MaxHostConnections = 16  - Libcurl will limit the number of connections to a host
LogInit:  - LocalHostAddr = Default
LogInit: WinSock: version 1.1 (2.2), MaxSocks=32767, MaxUdp=65467
LogInit: WinSock: I am DESKTOP-5V2GROA (10.0.0.25:0)
LogInit: Build: ++UE4+Release-4.19-CL-3944462
LogInit: Engine Version: 4.19.0-3944462+++UE4+Release-4.19
LogInit: Compatible Engine Version: 4.19.0-3944462+++UE4+Release-4.19
LogInit: Net CL: 3944462
LogDevObjectVersion: Number of dev versions registered: 18
LogDevObjectVersion:   Dev-Blueprints (B0D832E4-1F89-4F0D-ACCF-7EB736FD4AA2): 10
LogDevObjectVersion:   Dev-Build (E1C64328-A22C-4D53-A36C-8E866417BD8C): 0
LogDevObjectVersion:   Dev-Core (375EC13C-06E4-48FB-B500-84F0262A717E): 2
LogDevObjectVersion:   Dev-Editor (E4B068ED-F494-42E9-A231-DA0B2E46BB41): 23
LogDevObjectVersion:   Dev-Framework (CFFC743F-43B0-4480-9391-14DF171D2073): 33
LogDevObjectVersion:   Dev-Mobile (B02B49B5-BB20-44E9-A304-32B752E40360): 2
LogDevObjectVersion:   Dev-Networking (A4E4105C-59A1-49B5-A7C5-40C4547EDFEE): 0
LogDevObjectVersion:   Dev-Online (39C831C9-5AE6-47DC-9A44-9C173E1C8E7C): 0
LogDevObjectVersion:   Dev-Physics (78F01B33-EBEA-4F98-B9B4-84EACCB95AA2): 0
LogDevObjectVersion:   Dev-Platform (6631380F-2D4D-43E0-8009-CF276956A95A): 0
LogDevObjectVersion:   Dev-Rendering (12F88B9F-8875-4AFC-A67C-D90C383ABD29): 25
LogDevObjectVersion:   Dev-Sequencer (7B5AE74C-D270-4C10-A958-57980B212A5A): 6
LogDevObjectVersion:   Dev-VR (D7296918-1DD6-4BDD-9DE2-64A83CC13884): 1
LogDevObjectVersion:   Dev-LoadTimes (C2A15278-BFE7-4AFE-6C17-90FF531DF755): 1
LogDevObjectVersion:   Private-Geometry (6EACA3D4-40EC-4CC1-B786-8BED09428FC5): 2
LogDevObjectVersion:   Dev-AnimPhys (29E575DD-E0A3-4627-9D10-D276232CDCEA): 16
LogDevObjectVersion:   Dev-ReflectionCapture (6B266CEC-1EC7-4B8F-A30B-E4D90942FC07): 1
LogDevObjectVersion:   Dev-Automation (0DF73D61-A23F-47EA-B727-89E90C41499A): 1
LogInit: Compiled (64-bit): Mar 13 2018 23:12:32
LogInit: Compiled with Visual C++: 19.00.24215.01
LogInit: Build Configuration: Development
LogInit: Branch Name: ++UE4+Release-4.19
LogInit: Command Line:  /Game/Maps/FirstPersonExampleMap -game -PIEVIACONSOLE -ResX=1280 -ResY=720  -Multiprocess -messaging -SessionName="Play in Standalone Game" -windowed 
LogInit: Base Directory: C:/Program Files/Epic Games/UE_4.19/Engine/Binaries/Win64/
LogInit: Installed Engine Build: 1
LogStreaming: Display: Took  0.001s to delete old logs.
LogInit: Presizing for max 8388607 objects, including 0 objects not considered by GC, pre-allocating 0 bytes for permanent pool.
LogInit: Object subsystem initialized
[2018.05.16-02.54.35:424][  0]LogInit: Selected Device Profile: [Windows]
[2018.05.16-02.54.35:424][  0]LogInit: Applying CVar settings loaded from the selected device profile: [Windows]
[2018.05.16-02.54.35:428][  0]LogInit: Computer: DESKTOP-5V2GROA
[2018.05.16-02.54.35:428][  0]LogInit: User: Matthew
[2018.05.16-02.54.35:428][  0]LogInit: CPU Page size=4096, Cores=4
[2018.05.16-02.54.35:428][  0]LogInit: High frequency timer resolution =2.929688 MHz
[2018.05.16-02.54.35:428][  0]LogMemory: Memory total: Physical=16.0GB (16GB approx)
[2018.05.16-02.54.35:428][  0]LogMemory: Platform Memory Stats for Windows
[2018.05.16-02.54.35:428][  0]LogMemory: Process Physical Memory: 278.04 MB used, 278.04 MB peak
[2018.05.16-02.54.35:428][  0]LogMemory: Process Virtual Memory: 276.25 MB used, 276.25 MB peak
[2018.05.16-02.54.35:428][  0]LogMemory: Physical Memory: 7619.18 MB used,  8727.70 MB free, 16346.88 MB total
[2018.05.16-02.54.35:429][  0]LogMemory: Virtual Memory: 694.39 MB used,  8727.70 MB free, 134217728.00 MB total
[2018.05.16-02.54.35:451][  0]LogInit: Using OS detected language (en-US).
[2018.05.16-02.54.35:452][  0]LogInit: Using OS detected locale (en-US).
[2018.05.16-02.54.35:452][  0]LogTextLocalizationManager: No localization for 'en-US' exists, so 'en' will be used for the language.
[2018.05.16-02.54.35:452][  0]LogTextLocalizationManager: No localization for 'en-US' exists, so 'en' will be used for the locale.
[2018.05.16-02.54.35:869][  0]LogStreaming: Display: Took  0.417s to EndInitTextLocalization.
[2018.05.16-02.54.35:884][  0]LogSlate: New Slate User Created.  User Index 0, Is Virtual User: 0
[2018.05.16-02.54.35:884][  0]LogSlate: Slate User Registered.  User Index 0, Is Virtual User: 0
[2018.05.16-02.54.35:886][  0]LogD3D11RHI: D3D11 adapters:
[2018.05.16-02.54.35:923][  0]LogD3D11RHI:    0. 'NVIDIA GeForce GTX 1060 3GB' (Feature Level 11_0)
[2018.05.16-02.54.35:923][  0]LogD3D11RHI:       2982/0/8173 MB DedicatedVideo/DedicatedSystem/SharedSystem, Outputs:1, VendorId:0x10de
[2018.05.16-02.54.35:925][  0]LogD3D11RHI:    1. 'Microsoft Basic Render Driver' (Feature Level 11_0)
[2018.05.16-02.54.35:925][  0]LogD3D11RHI:       0/0/8173 MB DedicatedVideo/DedicatedSystem/SharedSystem, Outputs:0, VendorId:0x1414
[2018.05.16-02.54.35:925][  0]LogD3D11RHI: Chosen D3D11 Adapter: 0
[2018.05.16-02.54.35:931][  0]LogD3D11RHI: Creating new Direct3DDevice
[2018.05.16-02.54.35:931][  0]LogD3D11RHI:     GPU DeviceId: 0x1c02 (for the marketing name, search the web for "GPU Device Id")
[2018.05.16-02.54.35:931][  0]LogWindows: EnumDisplayDevices:
[2018.05.16-02.54.35:931][  0]LogWindows:    0. 'NVIDIA GeForce GTX 1060 3GB' (P:1 D:1)
[2018.05.16-02.54.35:931][  0]LogWindows:    1. 'NVIDIA GeForce GTX 1060 3GB' (P:0 D:0)
[2018.05.16-02.54.35:931][  0]LogWindows:    2. 'NVIDIA GeForce GTX 1060 3GB' (P:0 D:0)
[2018.05.16-02.54.35:931][  0]LogWindows:    3. 'NVIDIA GeForce GTX 1060 3GB' (P:0 D:0)
[2018.05.16-02.54.35:931][  0]LogWindows: DebugString: GetVideoDriverDetailsInvalid PrimaryIsNotTheChoosenAdapter GetVideoDriverDetailsInvalid PrimaryIsNotTheChoosenAdapter GetVideoDriverDetailsInvalid PrimaryIsNotTheChoosenAdapter GetVideoDriverDetailsInvalid PrimaryIsNotTheChoosenAdapter FoundDriverCount:0 
[2018.05.16-02.54.35:931][  0]LogD3D11RHI:     Adapter Name: NVIDIA GeForce GTX 1060 3GB
[2018.05.16-02.54.35:931][  0]LogD3D11RHI:   Driver Version: Unknown (internal:Unknown, unified:Unknown)
[2018.05.16-02.54.35:931][  0]LogD3D11RHI:      Driver Date: Unknown
[2018.05.16-02.54.35:931][  0]LogRHI: Texture pool is 2087 MB (70% of 2982 MB)
[2018.05.16-02.54.35:949][  0]LogD3D11RHI: [Aftermath] Aftermath enabled but failed to initialize
[2018.05.16-02.54.35:949][  0]LogD3D11RHI: Async texture creation enabled
[2018.05.16-02.54.35:971][  0]LogD3D11RHI: GPU Timing Frequency: 1000.000000 (Debug: 2 1)
[2018.05.16-02.54.36:019][  0]LogShaderCompilers: Guid format shader working directory is -21 characters bigger than the processId version (../../../../../../Users/Matthew/Documents/Unreal Projects/shootergame/Intermediate/Shaders/WorkingDirectory/7428/).
[2018.05.16-02.54.36:019][  0]LogShaderCompilers: Cleaned the shader compiler working directory 'C:/Users/Matthew/AppData/Local/Temp/UnrealShaderWorkingDir/F1CAA6D140C8B11ADEF2D6812A8A72F7/'.
[2018.05.16-02.54.36:301][  0]LogTemp: Display: Loaded TP WindowsClientTargetPlatform
[2018.05.16-02.54.36:315][  0]LogTemp: Display: Loaded TP WindowsNoEditorTargetPlatform
[2018.05.16-02.54.36:330][  0]LogTemp: Display: Loaded TP WindowsServerTargetPlatform
[2018.05.16-02.54.36:345][  0]LogTemp: Display: Loaded TP WindowsTargetPlatform
[2018.05.16-02.54.36:345][  0]LogTargetPlatformManager: Display: Building Assets For Windows
[2018.05.16-02.54.36:444][  0]LogXGEController: Cannot use XGE Controller as Incredibuild is not installed on this machine.
[2018.05.16-02.54.36:444][  0]LogShaderCompilers: Cannot use XGE Shader Compiler as Incredibuild is not installed on this machine.
[2018.05.16-02.54.36:444][  0]LogShaderCompilers: Display: Using Local Shader Compiler.
[2018.05.16-02.54.37:085][  0]LogDerivedDataCache: Display: Max Cache Size: 512 MB
[2018.05.16-02.54.37:130][  0]LogDerivedDataCache: Loaded boot cache 0.04s 74MB C:/Users/Matthew/AppData/Local/UnrealEngine/4.19/DerivedDataCache/Boot.ddc.
[2018.05.16-02.54.37:130][  0]LogDerivedDataCache: Display: Loaded Boot cache: C:/Users/Matthew/AppData/Local/UnrealEngine/4.19/DerivedDataCache/Boot.ddc
[2018.05.16-02.54.37:130][  0]LogDerivedDataCache: FDerivedDataBackendGraph:  Pak pak cache file ../../../../../../Users/Matthew/Documents/Unreal Projects/shootergame/DerivedDataCache/DDC.ddp not found, will not use a pak cache.
[2018.05.16-02.54.37:130][  0]LogDerivedDataCache: Unable to find inner node Pak for hierarchical cache Hierarchy.
[2018.05.16-02.54.37:130][  0]LogDerivedDataCache: FDerivedDataBackendGraph:  CompressedPak pak cache file ../../../../../../Users/Matthew/Documents/Unreal Projects/shootergame/DerivedDataCache/Compressed.ddp not found, will not use a pak cache.
[2018.05.16-02.54.37:130][  0]LogDerivedDataCache: Unable to find inner node CompressedPak for hierarchical cache Hierarchy.
[2018.05.16-02.54.37:146][  0]LogDerivedDataCache: Display: Pak cache opened for reading ../../../Engine/DerivedDataCache/Compressed.ddp.
[2018.05.16-02.54.37:157][  0]LogDerivedDataCache: Using Local data cache path C:/Users/Matthew/AppData/Local/UnrealEngine/Common/DerivedDataCache: Writable
[2018.05.16-02.54.37:178][  0]LogMaterial: Verifying Global Shaders for PCD3D_SM5
[2018.05.16-02.54.37:178][  0]LogSlate: Using Freetype 2.6.0
[2018.05.16-02.54.37:178][  0]LogSlate: SlateFontCache - WITH_FREETYPE: 1, WITH_HARFBUZZ: 1
[2018.05.16-02.54.37:179][  0]LogSlate: SlateFontCache - WITH_FREETYPE: 1, WITH_HARFBUZZ: 1
[2018.05.16-02.54.37:272][  0]LogAssetRegistry: FAssetRegistry took 0.0050 seconds to start up
[2018.05.16-02.54.37:455][  0]LogPackageLocalizationCache: Processed 9 localized package path(s) for 1 prioritized culture(s) in 0.008424 seconds
[2018.05.16-02.54.37:551][  0]LogInit: Selected Device Profile: [Windows]
[2018.05.16-02.54.37:696][  0]LogSimplygon: Simplygon DLL not present - disabling.
[2018.05.16-02.54.37:699][  0]LogMeshReduction: Using SimplygonSwarm for distributed automatic mesh merging
[2018.05.16-02.54.37:699][  0]LogMeshReduction: Using QuadricMeshReduction for automatic static mesh reduction
[2018.05.16-02.54.37:699][  0]LogMeshReduction: No automatic skeletal mesh reduction module available
[2018.05.16-02.54.37:699][  0]LogMeshReduction: No automatic mesh merging module available
[2018.05.16-02.54.37:699][  0]LogMeshMerging: No automatic mesh merging module available
[2018.05.16-02.54.37:733][  0]LogNetVersion: cs461_prototype , NetCL: 3944462, EngineNetVer: 2, GameNetVer: 0 (Checksum: 668034427)
[2018.05.16-02.54.38:456][  0]LogMoviePlayer: Initializing movie player
[2018.05.16-02.54.38:518][  0]LogWindowsTextInputMethodSystem: Display: IME system now deactivated.
[2018.05.16-02.54.38:707][  0]LogTcpMessaging: Initializing TcpMessaging bridge
[2018.05.16-02.54.38:734][  0]LogUdpMessaging: Initializing bridge on interface 0.0.0.0:0 to multicast group 230.0.0.1:6666.
[2018.05.16-02.54.38:994][  0]SourceControl: Source control is disabled
[2018.05.16-02.54.38:994][  0]SourceControl: Source control is disabled
[2018.05.16-02.54.39:010][  0]SourceControl: Source control is disabled
[2018.05.16-02.54.39:398][  0]LogAndroidPermission: UAndroidPermissionCallbackProxy::GetInstance
[2018.05.16-02.54.39:537][  0]LogOcInput: OculusInput pre-init called
[2018.05.16-02.54.39:574][  0]LogUObjectArray: 40149 objects as part of root set at end of initial load.
[2018.05.16-02.54.39:574][  0]LogUObjectAllocator: 8390248 out of 0 bytes used by permanent object pool.
[2018.05.16-02.54.39:574][  0]LogUObjectArray: CloseDisregardForGC: 0/0 objects in disregard for GC pool
[2018.05.16-02.54.39:627][  0]LogEngine: Initializing Engine...
[2018.05.16-02.54.39:628][  0]LogHMD: Failed to initialize OpenVR with code 110
[2018.05.16-02.54.39:640][  0]LogStats: UGameplayTagsManager::ConstructGameplayTagTree: Construct from data asset -  0.000 s
[2018.05.16-02.54.39:640][  0]LogStats: UGameplayTagsManager::ConstructGameplayTagTree: GameplayTagTreeChangedEvent.Broadcast -  0.000 s
[2018.05.16-02.54.39:956][  0]LogInit: XAudio2 using 'Headphones (SteelSeries Arctis 5 Game)' : 2 channels at 48 kHz using 16 bits per sample (channel mask 0x3)
[2018.05.16-02.54.39:975][  0]LogInit: FAudioDevice initialized.
[2018.05.16-02.54.39:992][  0]LogInit: Texture streaming: Enabled
[2018.05.16-02.54.40:650][  0]LogSkeletalMesh: Skeletal Mesh found in DDC [5.619029ms] /Game/FirstPerson/Character/Mesh/SK_Mannequin_Arms.SK_Mannequin_Arms
[2018.05.16-02.54.40:679][  0]LogSkeletalMesh: Skeletal Mesh found in DDC [11.480744ms] /Game/Mannequin/Character/Mesh/SK_Mannequin.SK_Mannequin
[2018.05.16-02.54.40:691][  0]LogSkeletalMesh: Skeletal Mesh found in DDC [3.977898ms] /Game/FirstPerson/FPWeapon/Mesh/SK_FPGun.SK_FPGun
[2018.05.16-02.54.40:770][  0]LogInit: Display: Game Engine Initialized.
[2018.05.16-02.54.40:770][  0]LogGameplayTags: Display: UGameplayTagsManager::DoneAddingNativeTags. DelegateIsBound: 0
[2018.05.16-02.54.40:770][  0]LogStats: UGameplayTagsManager::ConstructGameplayTagTree: Construct from data asset -  0.000 s
[2018.05.16-02.54.40:770][  0]LogStats: UGameplayTagsManager::ConstructGameplayTagTree: GameplayTagTreeChangedEvent.Broadcast -  0.000 s
[2018.05.16-02.54.40:856][  0]LogInit: Display: Starting Game.
[2018.05.16-02.54.40:856][  0]LogNet: Browse: /Game/Maps/FirstPersonExampleMap?Name=Player
[2018.05.16-02.54.40:856][  0]LogLoad: LoadMap: /Game/Maps/FirstPersonExampleMap?Name=Player
[2018.05.16-02.54.40:986][  0]LogBlueprint: Error: [Compiler AugPickup] In use pin  aug name  no longer exists on node  Create Widget . Please refresh node or break links to remove pin.
[2018.05.16-02.54.40:986][  0]LogBlueprint: Error: [Compiler AugPickup] In use pin  aug desc  no longer exists on node  Create Widget . Please refresh node or break links to remove pin.
[2018.05.16-02.54.41:004][  0]LogBlueprint: Warning: [Compiler AugPickup] [0007.98] Compile of AugPickup failed. 2 Fatal Issue(s) 0 Warning(s) [in 44 ms] (/Game/Inventory/Pickups/Augs/AugPickup.AugPickup)
[2018.05.16-02.54.41:112][  0]LogAIModule: Creating AISystem for world FirstPersonExampleMap
[2018.05.16-02.54.41:112][  0]LogLoad: Game class is 'FirstPersonGameMode_C'
[2018.05.16-02.54.41:122][  0]LogWorld: Bringing World /Game/Maps/FirstPersonExampleMap.FirstPersonExampleMap up for play (max tick rate 0) at 2018.05.15-22.54.41
[2018.05.16-02.54.41:123][  0]LogWorld: Bringing up level for play took: 0.009903
[2018.05.16-02.54.41:131][  0]LogLoad: Took 0.275106 seconds to LoadMap(/Game/Maps/FirstPersonExampleMap)
[2018.05.16-02.54.41:132][  0]LogScript: Warning: Accessed None trying to read property K2Node_DynamicCast_AsFirst_Person_Character
	StatDisplay_C /Engine/Transient.GameEngine_0:GameManager_C_0.StatDisplay_C_0
	Function /Game/HUD/StatDisplay.StatDisplay_C:GetChemIcon:00A4
[2018.05.16-02.54.41:132][  0]LogScript: Warning: Script call stack:
	Function /Game/HUD/StatDisplay.StatDisplay_C:GetChemIcon

[2018.05.16-02.54.41:132][  0]LogScript: Warning: Accessed None trying to read property K2Node_DynamicCast_AsFirst_Person_Character
	StatDisplay_C /Engine/Transient.GameEngine_0:GameManager_C_0.StatDisplay_C_0
	Function /Game/HUD/StatDisplay.StatDisplay_C:GetChemDescription:008E
[2018.05.16-02.54.41:132][  0]LogScript: Warning: Script call stack:
	Function /Game/HUD/StatDisplay.StatDisplay_C:GetChemDescription

[2018.05.16-02.54.41:132][  0]LogScript: Warning: Accessed None
	StatDisplay_C /Engine/Transient.GameEngine_0:GameManager_C_0.StatDisplay_C_0
	Function /Game/HUD/StatDisplay.StatDisplay_C:GetChemDescription:00A3
[2018.05.16-02.54.41:132][  0]LogScript: Warning: Script call stack:
	Function /Game/HUD/StatDisplay.StatDisplay_C:GetChemDescription

[2018.05.16-02.54.41:132][  0]LogScript: Warning: Accessed None trying to read property K2Node_DynamicCast_AsFirst_Person_Character
	StatDisplay_C /Engine/Transient.GameEngine_0:GameManager_C_0.StatDisplay_C_0
	Function /Game/HUD/StatDisplay.StatDisplay_C:GetAmmoStock:00A4
[2018.05.16-02.54.41:132][  0]LogScript: Warning: Script call stack:
	Function /Game/HUD/StatDisplay.StatDisplay_C:GetAmmoStock

[2018.05.16-02.54.41:132][  0]LogScript: Warning: Accessed None
	StatDisplay_C /Engine/Transient.GameEngine_0:GameManager_C_0.StatDisplay_C_0
	Function /Game/HUD/StatDisplay.StatDisplay_C:GetAmmoStock:0085
[2018.05.16-02.54.41:132][  0]LogScript: Warning: Script call stack:
	Function /Game/HUD/StatDisplay.StatDisplay_C:GetAmmoStock

[2018.05.16-02.54.41:176][  0]LogUObjectGlobals: BeginLoad(/Engine/EditorResources/SequenceRecorder/Countdown) is flushing async loading
[2018.05.16-02.54.41:504][  0]LogRenderer: Reallocating scene render targets to support 1280x720 Format 10 NumSamples 1 (Frame:1).
[2018.05.16-02.54.41:764][  0]LogLoad: (Engine Initialization) Total time: 8.74 seconds
[2018.05.16-02.54.41:764][  0]LogLoad: (Engine Initialization) Total Blueprint compile time: 0.00 seconds
[2018.05.16-02.54.41:792][  0]LogContentStreaming: Texture pool size now 1000 MB
[2018.05.16-02.54.41:794][  0]LogScript: Warning: Accessed None trying to read property K2Node_DynamicCast_AsFirst_Person_Character
	StatDisplay_C /Engine/Transient.GameEngine_0:GameManager_C_0.StatDisplay_C_0
	Function /Game/HUD/StatDisplay.StatDisplay_C:GetChemIcon:00A4
[2018.05.16-02.54.41:794][  0]LogScript: Warning: Script call stack:
	Function /Game/HUD/StatDisplay.StatDisplay_C:GetChemIcon

[2018.05.16-02.54.41:794][  0]LogScript: Warning: Accessed None trying to read property K2Node_DynamicCast_AsFirst_Person_Character
	StatDisplay_C /Engine/Transient.GameEngine_0:GameManager_C_0.StatDisplay_C_0
	Function /Game/HUD/StatDisplay.StatDisplay_C:GetChemDescription:008E
[2018.05.16-02.54.41:794][  0]LogScript: Warning: Script call stack:
	Function /Game/HUD/StatDisplay.StatDisplay_C:GetChemDescription

[2018.05.16-02.54.41:795][  0]LogScript: Warning: Accessed None
	StatDisplay_C /Engine/Transient.GameEngine_0:GameManager_C_0.StatDisplay_C_0
	Function /Game/HUD/StatDisplay.StatDisplay_C:GetChemDescription:00A3
[2018.05.16-02.54.41:795][  0]LogScript: Warning: Script call stack:
	Function /Game/HUD/StatDisplay.StatDisplay_C:GetChemDescription

[2018.05.16-02.54.41:795][  0]LogScript: Warning: Accessed None trying to read property K2Node_DynamicCast_AsFirst_Person_Character
	StatDisplay_C /Engine/Transient.GameEngine_0:GameManager_C_0.StatDisplay_C_0
	Function /Game/HUD/StatDisplay.StatDisplay_C:GetAmmoStock:00A4
[2018.05.16-02.54.41:795][  0]LogScript: Warning: Script call stack:
	Function /Game/HUD/StatDisplay.StatDisplay_C:GetAmmoStock

[2018.05.16-02.54.41:795][  0]LogScript: Warning: Accessed None
	StatDisplay_C /Engine/Transient.GameEngine_0:GameManager_C_0.StatDisplay_C_0
	Function /Game/HUD/StatDisplay.StatDisplay_C:GetAmmoStock:0085
[2018.05.16-02.54.41:795][  0]LogScript: Warning: Script call stack:
	Function /Game/HUD/StatDisplay.StatDisplay_C:GetAmmoStock

[2018.05.16-02.54.41:795][  0]LogScript: Warning: Accessed None trying to read property K2Node_DynamicCast_AsFirst_Person_Character
	StatDisplay_C /Engine/Transient.GameEngine_0:GameManager_C_0.StatDisplay_C_0
	Function /Game/HUD/StatDisplay.StatDisplay_C:GetChemIcon:00A4
[2018.05.16-02.54.41:795][  0]LogScript: Warning: Script call stack:
	Function /Game/HUD/StatDisplay.StatDisplay_C:GetChemIcon

[2018.05.16-02.54.41:845][  1]LogBlueprintUserMessages: [dummy_C_0] X=326.243 Y=3.557 Z=232.001
[2018.05.16-02.54.41:852][  1]LogScript: Warning: Accessed None trying to read property K2Node_DynamicCast_AsFirst_Person_Character
	StatDisplay_C /Engine/Transient.GameEngine_0:GameManager_C_0.StatDisplay_C_0
	Function /Game/HUD/StatDisplay.StatDisplay_C:GetChemIcon:00A4
[2018.05.16-02.54.41:852][  1]LogScript: Warning: Script call stack:
	Function /Game/HUD/StatDisplay.StatDisplay_C:GetChemIcon

[2018.05.16-02.54.41:852][  1]LogScript: Warning: Accessed None trying to read property K2Node_DynamicCast_AsFirst_Person_Character
	StatDisplay_C /Engine/Transient.GameEngine_0:GameManager_C_0.StatDisplay_C_0
	Function /Game/HUD/StatDisplay.StatDisplay_C:GetChemDescription:008E
[2018.05.16-02.54.41:852][  1]LogScript: Warning: Script call stack:
	Function /Game/HUD/StatDisplay.StatDisplay_C:GetChemDescription

[2018.05.16-02.54.41:852][  1]LogScript: Warning: Accessed None
	StatDisplay_C /Engine/Transient.GameEngine_0:GameManager_C_0.StatDisplay_C_0
	Function /Game/HUD/StatDisplay.StatDisplay_C:GetChemDescription:00A3
[2018.05.16-02.54.41:852][  1]LogScript: Warning: Script call stack:
	Function /Game/HUD/StatDisplay.StatDisplay_C:GetChemDescription

[2018.05.16-02.54.41:852][  1]LogScript: Warning: Accessed None trying to read property K2Node_DynamicCast_AsFirst_Person_Character
	StatDisplay_C /Engine/Transient.GameEngine_0:GameManager_C_0.StatDisplay_C_0
	Function /Game/HUD/StatDisplay.StatDisplay_C:GetAmmoStock:00A4
[2018.05.16-02.54.41:852][  1]LogScript: Warning: Script call stack:
	Function /Game/HUD/StatDisplay.StatDisplay_C:GetAmmoStock

[2018.05.16-02.54.41:852][  1]LogScript: Warning: Accessed None
	StatDisplay_C /Engine/Transient.GameEngine_0:GameManager_C_0.StatDisplay_C_0
	Function /Game/HUD/StatDisplay.StatDisplay_C:GetAmmoStock:0085
[2018.05.16-02.54.41:852][  1]LogScript: Warning: Script call stack:
	Function /Game/HUD/StatDisplay.StatDisplay_C:GetAmmoStock

[2018.05.16-02.54.41:853][  1]LogScript: Warning: Accessed None trying to read property K2Node_DynamicCast_AsFirst_Person_Character
	StatDisplay_C /Engine/Transient.GameEngine_0:GameManager_C_0.StatDisplay_C_0
	Function /Game/HUD/StatDisplay.StatDisplay_C:GetChemIcon:00A4
[2018.05.16-02.54.41:853][  1]LogScript: Warning: Script call stack:
	Function /Game/HUD/StatDisplay.StatDisplay_C:GetChemIcon

[2018.05.16-02.54.41:861][  2]LogBlueprintUserMessages: [dummy_C_0] X=326.243 Y=3.557 Z=232.001
[2018.05.16-02.54.41:878][  3]LogBlueprintUserMessages: [dummy_C_0] X=326.243 Y=3.557 Z=232.001
[2018.05.16-02.54.41:894][  4]LogBlueprintUserMessages: [dummy_C_0] X=326.243 Y=3.557 Z=232.001
[2018.05.16-02.54.41:910][  5]LogBlueprintUserMessages: [dummy_C_0] X=326.243 Y=3.557 Z=232.001
[2018.05.16-02.54.41:926][  6]LogBlueprintUserMessages: [dummy_C_0] X=326.243 Y=3.557 Z=232.001
[2018.05.16-02.54.41:947][  7]LogBlueprintUserMessages: [dummy_C_0] X=326.243 Y=3.557 Z=232.001
[2018.05.16-02.54.41:965][  8]LogBlueprintUserMessages: [dummy_C_0] X=326.243 Y=3.557 Z=232.001
[2018.05.16-02.54.41:983][  9]LogBlueprintUserMessages: [dummy_C_0] X=326.243 Y=3.557 Z=232.001
[2018.05.16-02.54.42:021][  9]LogStreaming: Display: UWorld::AddToWorld: updating components for /Game/Maps/0x1 took (less than) 37.60 ms
[2018.05.16-02.54.42:027][ 10]LogBlueprintUserMessages: [dummy_C_0] X=326.243 Y=3.557 Z=232.001
[2018.05.16-02.54.42:046][ 11]LogBlueprintUserMessages: [dummy_C_0] X=326.243 Y=3.557 Z=232.001
[2018.05.16-02.54.42:062][ 12]LogBlueprintUserMessages: [dummy_C_0] X=326.243 Y=3.557 Z=232.001
[2018.05.16-02.54.42:078][ 13]LogBlueprintUserMessages: [dummy_C_0] X=326.243 Y=3.557 Z=232.001
[2018.05.16-02.54.42:095][ 14]LogBlueprintUserMessages: [dummy_C_0] X=326.243 Y=3.557 Z=232.001
[2018.05.16-02.54.42:111][ 15]LogBlueprintUserMessages: [dummy_C_0] X=326.243 Y=3.557 Z=232.001
[2018.05.16-02.54.42:126][ 16]LogBlueprintUserMessages: [dummy_C_0] X=326.243 Y=3.557 Z=232.001
[2018.05.16-02.54.42:143][ 17]LogBlueprintUserMessages: [dummy_C_0] X=326.243 Y=3.557 Z=232.001
[2018.05.16-02.54.42:159][ 18]LogBlueprintUserMessages: [dummy_C_0] X=326.243 Y=3.557 Z=232.001
[2018.05.16-02.54.42:196][ 18]LogStreaming: Display: UWorld::AddToWorld: updating components for /Game/Maps/1x0 took (less than) 36.68 ms
[2018.05.16-02.54.42:202][ 19]LogBlueprintUserMessages: [dummy_C_0] X=326.243 Y=3.557 Z=232.001
[2018.05.16-02.54.42:220][ 20]LogBlueprintUserMessages: [dummy_C_0] X=326.243 Y=3.557 Z=232.001
[2018.05.16-02.54.42:237][ 21]LogBlueprintUserMessages: [dummy_C_0] X=326.243 Y=3.557 Z=232.001
[2018.05.16-02.54.42:252][ 22]LogBlueprintUserMessages: [dummy_C_0] X=326.243 Y=3.557 Z=232.001
[2018.05.16-02.54.42:269][ 23]LogBlueprintUserMessages: [dummy_C_0] X=326.243 Y=3.557 Z=232.001
[2018.05.16-02.54.42:285][ 24]LogBlueprintUserMessages: [dummy_C_0] X=326.243 Y=3.557 Z=232.001
[2018.05.16-02.54.42:301][ 25]LogBlueprintUserMessages: [dummy_C_0] X=326.243 Y=3.557 Z=232.001
[2018.05.16-02.54.42:317][ 26]LogBlueprintUserMessages: [dummy_C_0] X=326.243 Y=3.557 Z=232.001
[2018.05.16-02.54.42:333][ 27]LogBlueprintUserMessages: [dummy_C_0] X=326.243 Y=3.557 Z=232.001
[2018.05.16-02.54.42:349][ 28]LogBlueprintUserMessages: [dummy_C_0] X=326.243 Y=3.557 Z=232.001
[2018.05.16-02.54.42:365][ 29]LogBlueprintUserMessages: [dummy_C_0] X=326.243 Y=3.557 Z=232.001
[2018.05.16-02.54.42:382][ 30]LogBlueprintUserMessages: [dummy_C_0] X=326.243 Y=3.557 Z=232.001
[2018.05.16-02.54.42:398][ 31]LogBlueprintUserMessages: [dummy_C_0] X=326.243 Y=3.557 Z=232.001
[2018.05.16-02.54.42:414][ 32]LogBlueprintUserMessages: [dummy_C_0] X=326.243 Y=3.557 Z=232.001
[2018.05.16-02.54.42:430][ 33]LogBlueprintUserMessages: [dummy_C_0] X=326.243 Y=3.557 Z=232.001
[2018.05.16-02.54.42:446][ 34]LogBlueprintUserMessages: [dummy_C_0] X=326.243 Y=3.557 Z=232.001
[2018.05.16-02.54.42:462][ 35]LogBlueprintUserMessages: [dummy_C_0] X=326.243 Y=3.557 Z=232.001
[2018.05.16-02.54.42:478][ 36]LogBlueprintUserMessages: [dummy_C_0] X=326.243 Y=3.557 Z=232.001
[2018.05.16-02.54.42:494][ 37]LogBlueprintUserMessages: [dummy_C_0] X=326.243 Y=3.557 Z=232.001
[2018.05.16-02.54.42:510][ 38]LogBlueprintUserMessages: [dummy_C_0] X=326.243 Y=3.557 Z=232.001
[2018.05.16-02.54.42:527][ 39]LogBlueprintUserMessages: [dummy_C_0] X=326.243 Y=3.557 Z=232.001
[2018.05.16-02.54.42:543][ 40]LogBlueprintUserMessages: [dummy_C_0] X=326.243 Y=3.557 Z=232.001
[2018.05.16-02.54.42:559][ 41]LogBlueprintUserMessages: [dummy_C_0] X=326.243 Y=3.557 Z=232.001
[2018.05.16-02.54.42:575][ 42]LogBlueprintUserMessages: [dummy_C_0] X=326.243 Y=3.557 Z=232.001
[2018.05.16-02.54.42:591][ 43]LogBlueprintUserMessages: [dummy_C_0] X=326.243 Y=3.557 Z=232.001
[2018.05.16-02.54.42:608][ 44]LogBlueprintUserMessages: [dummy_C_0] X=326.243 Y=3.557 Z=232.001
[2018.05.16-02.54.42:623][ 45]LogBlueprintUserMessages: [dummy_C_0] X=326.243 Y=3.557 Z=232.001
[2018.05.16-02.54.42:640][ 46]LogBlueprintUserMessages: [dummy_C_0] X=326.243 Y=3.557 Z=232.001
[2018.05.16-02.54.42:655][ 47]LogBlueprintUserMessages: [dummy_C_0] X=326.243 Y=3.557 Z=232.001
[2018.05.16-02.54.42:672][ 48]LogBlueprintUserMessages: [dummy_C_0] X=326.243 Y=3.557 Z=232.001
[2018.05.16-02.54.42:688][ 49]LogBlueprintUserMessages: [dummy_C_0] X=326.243 Y=3.557 Z=232.001
[2018.05.16-02.54.42:704][ 50]LogBlueprintUserMessages: [dummy_C_0] X=326.243 Y=3.557 Z=232.001
[2018.05.16-02.54.42:720][ 51]LogBlueprintUserMessages: [dummy_C_0] X=326.243 Y=3.557 Z=232.001
[2018.05.16-02.54.42:736][ 52]LogBlueprintUserMessages: [dummy_C_0] X=326.243 Y=3.557 Z=232.001
[2018.05.16-02.54.42:752][ 53]LogBlueprintUserMessages: [dummy_C_0] X=326.243 Y=3.557 Z=232.001
[2018.05.16-02.54.42:768][ 54]LogBlueprintUserMessages: [dummy_C_0] X=326.243 Y=3.557 Z=232.001
[2018.05.16-02.54.42:785][ 55]LogBlueprintUserMessages: [dummy_C_0] X=326.243 Y=3.557 Z=232.001
[2018.05.16-02.54.42:801][ 56]LogBlueprintUserMessages: [dummy_C_0] X=326.243 Y=3.557 Z=232.001
[2018.05.16-02.54.42:818][ 57]LogBlueprintUserMessages: [dummy_C_0] X=326.243 Y=3.557 Z=232.001
[2018.05.16-02.54.42:833][ 58]LogBlueprintUserMessages: [dummy_C_0] X=326.243 Y=3.557 Z=232.001
[2018.05.16-02.54.42:850][ 59]LogBlueprintUserMessages: [dummy_C_0] X=326.243 Y=3.557 Z=232.001
[2018.05.16-02.54.42:865][ 60]LogBlueprintUserMessages: [dummy_C_0] X=326.243 Y=3.557 Z=232.001
[2018.05.16-02.54.42:882][ 61]LogBlueprintUserMessages: [dummy_C_0] X=326.243 Y=3.557 Z=232.001
[2018.05.16-02.54.42:898][ 62]LogBlueprintUserMessages: [dummy_C_0] X=326.243 Y=3.557 Z=232.001
[2018.05.16-02.54.42:914][ 63]LogBlueprintUserMessages: [dummy_C_0] X=326.243 Y=3.557 Z=232.001
[2018.05.16-02.54.42:931][ 64]LogBlueprintUserMessages: [dummy_C_0] X=326.243 Y=3.557 Z=232.001
[2018.05.16-02.54.42:946][ 65]LogBlueprintUserMessages: [dummy_C_0] X=326.243 Y=3.557 Z=232.001
[2018.05.16-02.54.42:963][ 66]LogBlueprintUserMessages: [dummy_C_0] X=326.243 Y=3.557 Z=232.001
[2018.05.16-02.54.42:978][ 67]LogBlueprintUserMessages: [dummy_C_0] X=326.243 Y=3.557 Z=232.001
[2018.05.16-02.54.42:995][ 68]LogBlueprintUserMessages: [dummy_C_0] X=326.243 Y=3.557 Z=232.001
[2018.05.16-02.54.43:011][ 69]LogBlueprintUserMessages: [dummy_C_0] X=326.243 Y=3.557 Z=232.001
[2018.05.16-02.54.43:027][ 70]LogBlueprintUserMessages: [dummy_C_0] X=326.243 Y=3.557 Z=232.001
[2018.05.16-02.54.43:043][ 71]LogBlueprintUserMessages: [dummy_C_0] X=326.243 Y=3.557 Z=232.001
[2018.05.16-02.54.43:060][ 72]LogBlueprintUserMessages: [dummy_C_0] X=326.243 Y=3.557 Z=232.001
[2018.05.16-02.54.43:075][ 73]LogBlueprintUserMessages: [dummy_C_0] X=326.243 Y=3.557 Z=232.001
[2018.05.16-02.54.43:092][ 74]LogBlueprintUserMessages: [dummy_C_0] X=326.243 Y=3.557 Z=232.001
[2018.05.16-02.54.43:107][ 75]LogBlueprintUserMessages: [dummy_C_0] X=326.243 Y=3.557 Z=232.001
[2018.05.16-02.54.43:124][ 76]LogBlueprintUserMessages: [dummy_C_0] X=326.243 Y=3.557 Z=232.001
[2018.05.16-02.54.43:140][ 77]LogBlueprintUserMessages: [dummy_C_0] X=326.243 Y=3.557 Z=232.001
[2018.05.16-02.54.43:156][ 78]LogBlueprintUserMessages: [dummy_C_0] X=326.243 Y=3.557 Z=232.001
[2018.05.16-02.54.43:172][ 79]LogBlueprintUserMessages: [dummy_C_0] X=326.243 Y=3.557 Z=232.001
[2018.05.16-02.54.43:188][ 80]LogBlueprintUserMessages: [dummy_C_0] X=326.243 Y=3.557 Z=232.001
[2018.05.16-02.54.43:204][ 81]LogBlueprintUserMessages: [dummy_C_0] X=326.243 Y=3.557 Z=232.001
[2018.05.16-02.54.43:220][ 82]LogBlueprintUserMessages: [dummy_C_0] X=326.243 Y=3.557 Z=232.001
[2018.05.16-02.54.43:237][ 83]LogBlueprintUserMessages: [dummy_C_0] X=326.243 Y=3.557 Z=232.001
[2018.05.16-02.54.43:253][ 84]LogBlueprintUserMessages: [dummy_C_0] X=326.243 Y=3.557 Z=232.001
[2018.05.16-02.54.43:270][ 85]LogBlueprintUserMessages: [dummy_C_0] X=326.243 Y=3.557 Z=232.001
[2018.05.16-02.54.43:286][ 86]LogBlueprintUserMessages: [dummy_C_0] X=326.243 Y=3.557 Z=232.001
[2018.05.16-02.54.43:302][ 87]LogBlueprintUserMessages: [dummy_C_0] X=326.243 Y=3.557 Z=232.001
[2018.05.16-02.54.43:318][ 88]LogBlueprintUserMessages: [dummy_C_0] X=326.243 Y=3.557 Z=232.001
[2018.05.16-02.54.43:334][ 89]LogBlueprintUserMessages: [dummy_C_0] X=326.243 Y=3.557 Z=232.001
[2018.05.16-02.54.43:350][ 90]LogBlueprintUserMessages: [dummy_C_0] X=326.243 Y=3.557 Z=232.001
[2018.05.16-02.54.43:366][ 91]LogBlueprintUserMessages: [dummy_C_0] X=326.243 Y=3.557 Z=232.001
[2018.05.16-02.54.43:383][ 92]LogBlueprintUserMessages: [dummy_C_0] X=326.243 Y=3.557 Z=232.001
[2018.05.16-02.54.43:398][ 93]LogBlueprintUserMessages: [dummy_C_0] X=326.243 Y=3.557 Z=232.001
[2018.05.16-02.54.43:414][ 94]LogBlueprintUserMessages: [dummy_C_0] X=326.243 Y=3.557 Z=232.001
[2018.05.16-02.54.43:431][ 95]LogBlueprintUserMessages: [dummy_C_0] X=326.243 Y=3.557 Z=232.001
[2018.05.16-02.54.43:448][ 96]LogBlueprintUserMessages: [dummy_C_0] X=326.243 Y=3.557 Z=232.001
[2018.05.16-02.54.43:464][ 97]LogBlueprintUserMessages: [dummy_C_0] X=326.243 Y=3.557 Z=232.001
[2018.05.16-02.54.43:479][ 98]LogBlueprintUserMessages: [dummy_C_0] X=326.243 Y=3.557 Z=232.001
[2018.05.16-02.54.43:495][ 99]LogBlueprintUserMessages: [dummy_C_0] X=326.243 Y=3.557 Z=232.001
[2018.05.16-02.54.43:511][100]LogBlueprintUserMessages: [dummy_C_0] X=326.243 Y=3.557 Z=232.001
[2018.05.16-02.54.43:529][101]LogBlueprintUserMessages: [dummy_C_0] X=326.243 Y=3.557 Z=232.001
[2018.05.16-02.54.43:543][102]LogBlueprintUserMessages: [dummy_C_0] X=326.243 Y=3.557 Z=232.001
[2018.05.16-02.54.43:560][103]LogBlueprintUserMessages: [dummy_C_0] X=326.243 Y=3.557 Z=232.001
[2018.05.16-02.54.43:576][104]LogBlueprintUserMessages: [dummy_C_0] X=326.243 Y=3.557 Z=232.001
[2018.05.16-02.54.43:592][105]LogBlueprintUserMessages: [dummy_C_0] X=326.243 Y=3.557 Z=232.001
[2018.05.16-02.54.43:609][106]LogBlueprintUserMessages: [dummy_C_0] X=326.243 Y=3.557 Z=232.001
[2018.05.16-02.54.43:625][107]LogBlueprintUserMessages: [dummy_C_0] X=326.243 Y=3.557 Z=232.001
[2018.05.16-02.54.43:640][108]LogBlueprintUserMessages: [dummy_C_0] X=326.243 Y=3.557 Z=232.001
[2018.05.16-02.54.43:657][109]LogBlueprintUserMessages: [dummy_C_0] X=326.243 Y=3.557 Z=232.001
[2018.05.16-02.54.43:673][110]LogBlueprintUserMessages: [dummy_C_0] X=326.243 Y=3.557 Z=232.001
[2018.05.16-02.54.43:690][111]LogBlueprintUserMessages: [dummy_C_0] X=326.243 Y=3.557 Z=232.001
[2018.05.16-02.54.43:706][112]LogBlueprintUserMessages: [dummy_C_0] X=326.243 Y=3.557 Z=232.001
[2018.05.16-02.54.43:721][113]LogBlueprintUserMessages: [dummy_C_0] X=326.243 Y=3.557 Z=232.001
[2018.05.16-02.54.43:738][114]LogBlueprintUserMessages: [dummy_C_0] X=326.243 Y=3.557 Z=232.001
[2018.05.16-02.54.43:753][115]LogBlueprintUserMessages: [dummy_C_0] X=326.243 Y=3.557 Z=232.001
[2018.05.16-02.54.43:769][116]LogBlueprintUserMessages: [dummy_C_0] X=326.243 Y=3.557 Z=232.001
[2018.05.16-02.54.43:787][117]LogBlueprintUserMessages: [dummy_C_0] X=326.243 Y=3.557 Z=232.001
[2018.05.16-02.54.43:802][118]LogBlueprintUserMessages: [dummy_C_0] X=326.243 Y=3.557 Z=232.001
[2018.05.16-02.54.43:818][119]LogBlueprintUserMessages: [dummy_C_0] X=326.243 Y=3.557 Z=232.001
[2018.05.16-02.54.43:836][120]LogBlueprintUserMessages: [dummy_C_0] X=326.243 Y=3.557 Z=232.001
[2018.05.16-02.54.43:850][121]LogBlueprintUserMessages: [dummy_C_0] X=326.243 Y=3.557 Z=232.001
[2018.05.16-02.54.43:867][122]LogBlueprintUserMessages: [dummy_C_0] X=326.243 Y=3.557 Z=232.001
[2018.05.16-02.54.43:884][123]LogBlueprintUserMessages: [dummy_C_0] X=326.243 Y=3.557 Z=232.001
[2018.05.16-02.54.43:899][124]LogBlueprintUserMessages: [dummy_C_0] X=326.243 Y=3.557 Z=232.001
[2018.05.16-02.54.43:916][125]LogBlueprintUserMessages: [dummy_C_0] X=326.243 Y=3.557 Z=232.001
[2018.05.16-02.54.43:931][126]LogBlueprintUserMessages: [dummy_C_0] X=326.243 Y=3.557 Z=232.001
[2018.05.16-02.54.43:947][127]LogBlueprintUserMessages: [dummy_C_0] X=326.243 Y=3.557 Z=232.001
[2018.05.16-02.54.43:965][128]LogBlueprintUserMessages: [dummy_C_0] X=326.243 Y=3.557 Z=232.001
[2018.05.16-02.54.43:981][129]LogBlueprintUserMessages: [dummy_C_0] X=326.243 Y=3.557 Z=232.001
[2018.05.16-02.54.44:000][130]LogBlueprintUserMessages: [dummy_C_0] X=326.243 Y=3.557 Z=232.001
[2018.05.16-02.54.44:015][131]LogBlueprintUserMessages: [dummy_C_0] X=326.243 Y=3.557 Z=232.001
[2018.05.16-02.54.44:031][132]LogBlueprintUserMessages: [dummy_C_0] X=326.243 Y=3.557 Z=232.001
[2018.05.16-02.54.44:048][133]LogBlueprintUserMessages: [dummy_C_0] X=326.243 Y=3.557 Z=232.001
[2018.05.16-02.54.44:171][134]LogBlueprintUserMessages: [dummy_C_0] X=326.243 Y=3.557 Z=232.001
[2018.05.16-02.54.44:186][135]LogBlueprintUserMessages: [dummy_C_0] X=326.243 Y=3.557 Z=232.001
[2018.05.16-02.54.44:202][136]LogBlueprintUserMessages: [dummy_C_0] X=326.243 Y=3.557 Z=232.001
[2018.05.16-02.54.44:219][137]LogBlueprintUserMessages: [dummy_C_0] X=326.243 Y=3.557 Z=232.001
[2018.05.16-02.54.44:235][138]LogBlueprintUserMessages: [dummy_C_0] X=326.243 Y=3.557 Z=232.001
[2018.05.16-02.54.44:252][139]LogBlueprintUserMessages: [dummy_C_0] X=326.243 Y=3.557 Z=232.001
[2018.05.16-02.54.44:268][140]LogBlueprintUserMessages: [dummy_C_0] X=326.243 Y=3.557 Z=232.001
[2018.05.16-02.54.44:284][141]LogBlueprintUserMessages: [dummy_C_0] X=326.243 Y=3.557 Z=232.001
[2018.05.16-02.54.44:300][142]LogBlueprintUserMessages: [dummy_C_0] X=326.243 Y=3.557 Z=232.001
[2018.05.16-02.54.44:317][143]LogBlueprintUserMessages: [dummy_C_0] X=326.243 Y=3.557 Z=232.001
[2018.05.16-02.54.44:332][144]LogBlueprintUserMessages: [dummy_C_0] X=326.243 Y=3.557 Z=232.001
[2018.05.16-02.54.44:349][145]LogBlueprintUserMessages: [dummy_C_0] X=326.243 Y=3.557 Z=232.001
[2018.05.16-02.54.44:366][146]LogBlueprintUserMessages: [dummy_C_0] X=326.243 Y=3.557 Z=232.001
[2018.05.16-02.54.44:382][147]LogBlueprintUserMessages: [dummy_C_0] X=326.243 Y=3.557 Z=232.001
[2018.05.16-02.54.44:399][148]LogBlueprintUserMessages: [dummy_C_0] X=326.243 Y=3.557 Z=232.001
[2018.05.16-02.54.44:414][149]LogBlueprintUserMessages: [dummy_C_0] X=326.243 Y=3.557 Z=232.001
[2018.05.16-02.54.44:431][150]LogBlueprintUserMessages: [dummy_C_0] X=326.243 Y=3.557 Z=232.001
[2018.05.16-02.54.44:447][151]LogBlueprintUserMessages: [dummy_C_0] X=326.243 Y=3.557 Z=232.001
[2018.05.16-02.54.44:465][152]LogBlueprintUserMessages: [dummy_C_0] X=326.243 Y=3.557 Z=232.001
[2018.05.16-02.54.44:480][153]LogBlueprintUserMessages: [dummy_C_0] X=326.243 Y=3.557 Z=232.001
[2018.05.16-02.54.44:496][154]LogBlueprintUserMessages: [dummy_C_0] X=326.243 Y=3.557 Z=232.001
[2018.05.16-02.54.44:512][155]LogBlueprintUserMessages: [dummy_C_0] X=326.243 Y=3.557 Z=232.001
[2018.05.16-02.54.44:528][156]LogBlueprintUserMessages: [dummy_C_0] X=326.243 Y=3.557 Z=232.001
[2018.05.16-02.54.44:545][157]LogBlueprintUserMessages: [dummy_C_0] X=326.243 Y=3.557 Z=232.001
[2018.05.16-02.54.44:562][158]LogBlueprintUserMessages: [dummy_C_0] X=326.243 Y=3.557 Z=232.001
[2018.05.16-02.54.44:578][159]LogBlueprintUserMessages: [dummy_C_0] X=326.243 Y=3.557 Z=232.001
[2018.05.16-02.54.44:593][160]LogBlueprintUserMessages: [dummy_C_0] X=326.243 Y=3.557 Z=232.001
[2018.05.16-02.54.44:609][161]LogBlueprintUserMessages: [dummy_C_0] X=326.243 Y=3.557 Z=232.001
[2018.05.16-02.54.44:626][162]LogBlueprintUserMessages: [dummy_C_0] X=326.243 Y=3.557 Z=232.001
[2018.05.16-02.54.44:642][163]LogBlueprintUserMessages: [dummy_C_0] X=326.243 Y=3.557 Z=232.001
[2018.05.16-02.54.44:658][164]LogBlueprintUserMessages: [dummy_C_0] X=326.243 Y=3.557 Z=232.001
[2018.05.16-02.54.44:673][165]LogBlueprintUserMessages: [dummy_C_0] X=326.243 Y=3.557 Z=232.001
[2018.05.16-02.54.44:690][166]LogBlueprintUserMessages: [dummy_C_0] X=326.243 Y=3.557 Z=232.001
[2018.05.16-02.54.44:706][167]LogBlueprintUserMessages: [dummy_C_0] X=326.243 Y=3.557 Z=232.001
[2018.05.16-02.54.44:722][168]LogBlueprintUserMessages: [dummy_C_0] X=326.243 Y=3.557 Z=232.001
[2018.05.16-02.54.44:739][169]LogBlueprintUserMessages: [dummy_C_0] X=326.243 Y=3.557 Z=232.001
[2018.05.16-02.54.44:756][170]LogBlueprintUserMessages: [dummy_C_0] X=326.243 Y=3.557 Z=232.001
[2018.05.16-02.54.44:843][171]LogSlate: Window 'cs461_prototype (64-bit, PCD3D_SM5) ' being destroyed
[2018.05.16-02.54.44:844][171]LogWindowsTextInputMethodSystem: Display: IME system now deactivated.
[2018.05.16-02.54.44:846][171]LogEngine: All Windows Closed
[2018.05.16-02.54.44:846][171]LogWindows: FPlatformMisc::RequestExit(0)
[2018.05.16-02.54.45:632][172]LogSlate: Slate User Destroyed.  User Index 0, Is Virtual User: 0
[2018.05.16-02.54.45:632][172]LogExit: Preparing to exit.
[2018.05.16-02.54.45:632][172]LogMoviePlayer: Shutting down movie player
[2018.05.16-02.54.45:789][172]LogExit: Game engine shut down
[2018.05.16-02.54.45:853][172]LogExit: Object subsystem successfully closed.
[2018.05.16-02.54.45:863][172]LogShaderCompilers: Display: Shaders left to compile 0
[2018.05.16-02.54.45:866][172]LogD3D11RHI: Shutdown
[2018.05.16-02.54.45:866][172]LogD3D11RHI: CleanupD3DDevice
[2018.05.16-02.54.45:867][172]LogD3D11RHI: ~FD3D11DynamicRHI
[2018.05.16-02.54.45:875][172]LogModuleManager: Shutting down and abandoning module SequenceRecorderSections (334)
[2018.05.16-02.54.45:875][172]LogModuleManager: Shutting down and abandoning module SequenceRecorder (332)
[2018.05.16-02.54.45:875][172]LogModuleManager: Shutting down and abandoning module AutomationController (330)
[2018.05.16-02.54.45:875][172]LogModuleManager: Shutting down and abandoning module AutomationWorker (328)
[2018.05.16-02.54.45:875][172]LogModuleManager: Shutting down and abandoning module AIModule (326)
[2018.05.16-02.54.45:875][172]LogModuleManager: Shutting down and abandoning module GameplayDebugger (325)
[2018.05.16-02.54.45:876][172]LogModuleManager: Shutting down and abandoning module AITestSuite (323)
[2018.05.16-02.54.45:876][172]LogModuleManager: Shutting down and abandoning module WmfMediaFactory (320)
[2018.05.16-02.54.45:876][172]LogModuleManager: Shutting down and abandoning module OpenExrWrapper (318)
[2018.05.16-02.54.45:876][172]LogModuleManager: Shutting down and abandoning module ImgMediaFactory (316)
[2018.05.16-02.54.45:876][172]LogModuleManager: Shutting down and abandoning module AvfMediaFactory (314)
[2018.05.16-02.54.45:876][172]LogModuleManager: Shutting down and abandoning module CharacterAI (312)
[2018.05.16-02.54.45:876][172]LogModuleManager: Shutting down and abandoning module SessionServices (310)
[2018.05.16-02.54.45:876][172]LogModuleManager: Shutting down and abandoning module MovieSceneCapture (308)
[2018.05.16-02.54.45:876][172]LogModuleManager: Shutting down and abandoning module MovieSceneTracks (306)
[2018.05.16-02.54.45:876][172]LogModuleManager: Shutting down and abandoning module MovieScene (304)
[2018.05.16-02.54.45:876][172]LogModuleManager: Shutting down and abandoning module GeometryCache (302)
[2018.05.16-02.54.45:876][172]LogModuleManager: Shutting down and abandoning module GeometryCacheEd (301)
[2018.05.16-02.54.45:876][172]LogModuleManager: Shutting down and abandoning module StreamingPauseRendering (298)
[2018.05.16-02.54.45:876][172]LogModuleManager: Shutting down and abandoning module PortalServices (296)
[2018.05.16-02.54.45:876][172]LogModuleManager: Shutting down and abandoning module PortalRpc (294)
[2018.05.16-02.54.45:876][172]LogModuleManager: Shutting down and abandoning module MessagingRpc (292)
[2018.05.16-02.54.45:876][172]LogModuleManager: Shutting down and abandoning module ProfilerService (290)
[2018.05.16-02.54.45:920][172]LogModuleManager: Shutting down and abandoning module TaskGraph (288)
[2018.05.16-02.54.45:921][172]LogModuleManager: Shutting down and abandoning module SteamVRController (286)
[2018.05.16-02.54.45:921][172]LogModuleManager: Shutting down and abandoning module ProceduralMeshComponent (284)
[2018.05.16-02.54.45:921][172]LogModuleManager: Shutting down and abandoning module OculusInput (282)
[2018.05.16-02.54.45:921][172]LogModuleManager: Shutting down and abandoning module MobilePatchingUtils (280)
[2018.05.16-02.54.45:921][172]LogModuleManager: Shutting down and abandoning module CustomMeshComponent (278)
[2018.05.16-02.54.45:921][172]LogModuleManager: Shutting down and abandoning module CableComponent (276)
[2018.05.16-02.54.45:921][172]LogModuleManager: Shutting down and abandoning module AudioCapture (274)
[2018.05.16-02.54.45:921][172]LogModuleManager: Shutting down and abandoning module ArchVisCharacter (272)
[2018.05.16-02.54.45:921][172]LogModuleManager: Shutting down and abandoning module AndroidPermission (270)
[2018.05.16-02.54.45:921][172]LogModuleManager: Shutting down and abandoning module NUTUnrealEngine4 (266)
[2018.05.16-02.54.45:921][172]LogModuleManager: Shutting down and abandoning module NetcodeUnitTest (264)
[2018.05.16-02.54.45:921][172]LogModuleManager: Shutting down and abandoning module MediaCompositing (262)
[2018.05.16-02.54.45:921][172]LogModuleManager: Shutting down and abandoning module LinearTimecode (260)
[2018.05.16-02.54.45:921][172]LogModuleManager: Shutting down and abandoning module ImgMedia (258)
[2018.05.16-02.54.45:922][172]LogModuleManager: Shutting down and abandoning module HTML5Networking (256)
[2018.05.16-02.54.45:922][172]LogModuleManager: Shutting down and abandoning module DatasmithContent (254)
[2018.05.16-02.54.45:922][172]LogModuleManager: Shutting down and abandoning module CryptoKeysOpenSSL (252)
[2018.05.16-02.54.45:922][172]LogModuleManager: Shutting down and abandoning module CryptoKeys (250)
[2018.05.16-02.54.45:922][172]LogModuleManager: Shutting down and abandoning module VisualStudioSourceCodeAccess (248)
[2018.05.16-02.54.45:922][172]LogModuleManager: Shutting down and abandoning module HotReload (247)
[2018.05.16-02.54.45:922][172]LogDirectoryWatcher: A directory notification for 'C:/Users/Matthew/Documents/Unreal Projects/shootergame/Binaries/Win64' was aborted.
[2018.05.16-02.54.45:923][172]LogModuleManager: Shutting down and abandoning module DirectoryWatcher (246)
[2018.05.16-02.54.45:923][172]LogModuleManager: Shutting down and abandoning module VisualStudioCodeSourceCodeAccess (242)
[2018.05.16-02.54.45:923][172]LogModuleManager: Shutting down and abandoning module UObjectPlugin (240)
[2018.05.16-02.54.45:923][172]LogModuleManager: Shutting down and abandoning module SubversionSourceControl (238)
[2018.05.16-02.54.45:923][172]LogModuleManager: Shutting down and abandoning module PerforceSourceControl (236)
[2018.05.16-02.54.45:923][172]LogModuleManager: Shutting down and abandoning module SourceControl (235)
[2018.05.16-02.54.45:923][172]LogModuleManager: Shutting down and abandoning module CLionSourceCodeAccess (232)
[2018.05.16-02.54.45:923][172]LogModuleManager: Shutting down and abandoning module cs461_prototype (230)
[2018.05.16-02.54.45:923][172]LogModuleManager: Shutting down and abandoning module RuntimePhysXCooking (228)
[2018.05.16-02.54.45:923][172]LogModuleManager: Shutting down and abandoning module PhysXVehiclesEditor (226)
[2018.05.16-02.54.45:923][172]LogModuleManager: Shutting down and abandoning module PhysXVehicles (224)
[2018.05.16-02.54.45:923][172]LogModuleManager: Shutting down and abandoning module LocationServicesBPLibrary (222)
[2018.05.16-02.54.45:923][172]LogModuleManager: Shutting down and abandoning module ImmediatePhysicsEditor (220)
[2018.05.16-02.54.45:923][172]LogModuleManager: Shutting down and abandoning module ImmediatePhysics (218)
[2018.05.16-02.54.45:923][172]LogModuleManager: Shutting down and abandoning module ActorSequence (216)
[2018.05.16-02.54.45:923][172]LogModuleManager: Shutting down and abandoning module UdpMessaging (214)
[2018.05.16-02.54.46:024][172]LogModuleManager: Shutting down and abandoning module TcpMessaging (212)
[2018.05.16-02.54.46:711][172]LogModuleManager: Shutting down and abandoning module GameplayTagsEditor (210)
[2018.05.16-02.54.46:711][172]LogModuleManager: Shutting down and abandoning module FacialAnimation (208)
[2018.05.16-02.54.46:711][172]LogModuleManager: Shutting down and abandoning module DataValidation (206)
[2018.05.16-02.54.46:711][172]LogModuleManager: Shutting down and abandoning module AssetManagerEditor (204)
[2018.05.16-02.54.46:711][172]LogModuleManager: Shutting down and abandoning module TreeMap (203)
[2018.05.16-02.54.46:711][172]LogModuleManager: Shutting down and abandoning module LightPropagationVolumeRuntime (200)
[2018.05.16-02.54.46:711][172]LogModuleManager: Shutting down and abandoning module LiveLink (198)
